Base path: C:/Program Files/Unity/Editor/Data
Pipe name: \\.\pipe\UnityShaderCompiler-64bit-1-6876
Cmd: getPlatforms
Cmd: compileSnippet
  api=4 type=0 insize=982 outsize=4337 kw=DIRECTIONAL SHADOWS_SCREEN LIGHTMAP_OFF DIRLIGHTMAP_OFF DYNAMICLIGHTMAP_OFF pd= ok=1
Cmd: compileSnippet
  api=4 type=1 insize=982 outsize=10926 kw=DIRECTIONAL SHADOWS_SCREEN LIGHTMAP_OFF DIRLIGHTMAP_OFF DYNAMICLIGHTMAP_OFF pd= ok=1
Cmd: preprocess
  insize=993 outsize=1275 ok=1
Cmd: compileSnippet
  api=4 type=0 insize=7541 outsize=3508 kw=DIRECTIONAL SHADOWS_OFF LIGHTMAP_OFF DIRLIGHTMAP_OFF DYNAMICLIGHTMAP_OFF pd= ok=1
Cmd: compileSnippet
  api=4 type=1 insize=7541 outsize=10154 kw=DIRECTIONAL SHADOWS_OFF LIGHTMAP_OFF DIRLIGHTMAP_OFF DYNAMICLIGHTMAP_OFF pd= ok=1
Cmd: compileSnippet
  api=4 type=0 insize=4284 outsize=2753 kw=POINT SHADOWS_OFF pd= ok=1
Cmd: compileSnippet
  api=4 type=1 insize=4284 outsize=6149 kw=POINT SHADOWS_OFF pd= ok=1
Cmd: compileSnippet
  api=4 type=0 insize=6643 outsize=3508 kw=LIGHTMAP_OFF DIRLIGHTMAP_OFF DYNAMICLIGHTMAP_OFF HDR_LIGHT_PREPASS_OFF pd= ok=1
Cmd: compileSnippet
  api=4 type=1 insize=6643 outsize=2346 kw=LIGHTMAP_OFF DIRLIGHTMAP_OFF DYNAMICLIGHTMAP_OFF HDR_LIGHT_PREPASS_OFF pd= ok=1
Cmd: compileSnippet
  api=4 type=0 insize=3586 outsize=2484 kw= pd= ok=1
Cmd: compileSnippet
  api=4 type=1 insize=3586 outsize=1314 kw= pd= ok=1
Cmd: preprocess
  insize=3130 outsize=521 ok=1
Cmd: compileSnippet
  api=4 type=0 insize=2926 outsize=1079 kw= pd= ok=1
Cmd: compileSnippet
  api=4 type=1 insize=2926 outsize=908 kw= pd= ok=1
Cmd: compileSnippet
  api=4 type=4 insize=2926 outsize=2769 kw= pd= ok=1
Cmd: compileCompute
  api=9 insize=407 outsize=693 ok=1
Cmd: compileCompute
  api=4 insize=407 outsize=433 ok=1
Cmd: compileSnippet
  api=4 type=0 insize=975 outsize=1201 kw= pd= ok=1
Cmd: compileSnippet
  api=4 type=1 insize=975 outsize=811 kw= pd= ok=1
Cmd: compileSnippet
  api=4 type=0 insize=966 outsize=1290 kw= pd= ok=1
Cmd: compileSnippet
  api=4 type=1 insize=966 outsize=811 kw= pd= ok=1
Cmd: preprocess
  insize=934 outsize=233 ok=1
Cmd: compileSnippet
  api=4 type=0 insize=1000 outsize=1087 kw= pd= ok=1
Cmd: compileSnippet
  api=4 type=1 insize=1000 outsize=616 kw= pd= ok=1
Cmd: preprocess
  insize=3130 outsize=521 ok=1
